     1                                  bits 32 ; assembling for the 32 bits architecture
     2                                  
     3                                  ; declare the EntryPoint (a label defining the very first instruction of the program)
     4                                  global start        
     5                                  
     6                                  ; declare external functions needed by our program
     7                                  extern exit               ; tell nasm that exit exists even if we won't be defining it
     8                                  import exit msvcrt.dll    ; exit is a function that ends the calling process. It is defined in msvcrt.dll
     9                                                            ; msvcrt.dll contains exit, printf and all the other important C-runtime specific functions
    10                                  
    11                                  segment data use32 class=data:
    12 00000000 31333537                    s1 db '1357'
    13                                      lens1 equ $-s1
    14 00000004 32363934                    s2 db '2694'
    15                                      ;the length of s2 is equal to the length of s1
    16 00000008 00<rept>                    d times lens1*2 db 0
    17                                      
    18                                  segment code use 32 class=code:
    19                                  start:
    20                                  ;Se dau doua siruri de octeti S1 si S2 de aceeasi lungime. Sa se obtina sirul D prin intercalarea elementelor celor doua siruri. 
    21                                  ;Exemplu:
    22                                  ;S1: 1, 3, 5, 7
    23                                  ;S2: 2, 6, 9, 4
    24                                  ;D: 1, 2, 3, 6, 5, 9, 7, 4
    25 00000000 BE00000000                  mov ESI,0
    26                                      ;we solve this problem by considerring ESI the index from where we take
    27                                      ;the values. It will increase after we have put the value from s1 in d and we have taken the value from s2(before we put it in d)
    28                                      
    29 00000005 BF[08000000]                mov EDI,d ;in EDI we consider offset of the current byte from d
    30                                      ;we do a loop with lens1*2(=6 in pur caase)iterations. At each iteration
    31                                      ;we move the byte from s1 from the position ESI (i.e. the offset [s1+ESI]
    32                                      ;and move it into the offset EDI. Then we increase the offset EDi and then
    33                                      ;we move the byte from s2 from position ESI(i.e. the offset[s2+ESI] into
    34                                      ;the current offset EDI and then increase it as well. And then we increase ESI. In order for the jump 
    35                                      ;to happen, ESI<lens1*2
    36                                      ;So, in this loop ESI will have the values:{0,1,2,3} and
    37                                      ;EDI:{[s2+0],[s2+1],[s2+2],[s2+3],[s2+4],[s2+5],[s2+6],[s2+7]}
    38 0000000A FC                          cld
    39                                      repeat:
    40 0000000B 8A86[00000000]                  mov AL,[s1+ESI] ;AL<-the byte from offset s1+ESI
    41 00000011 AA                              stosb ;<=> mov EDI,AL(i.e. AL->the byte from the offset s1+ESI)
    42                                                 ; inc EDI
    43 00000012 8A86[04000000]                  mov AL,[s2+ESI] ;AL<-the byte from offset s2+ESI
    44 00000018 AA                              stosb 
    45 00000019 46                              inc ESI
    46 0000001A 83FE08                          cmp ESI,lens1*2
    47 0000001D 72EC                            jb repeat ;if(ESI<lens1*2) jump to repeat
    48                                                    ;otherwise continue below
    49 0000001F 6A00                        push dword 0
    50 00000021 FF15[00000000]              call[exit]
    51                                      
