     1                                  bits 32 ; assembling for the 32 bits architecture
     2                                  
     3                                  ; declare the EntryPoint (a label defining the very first instruction of the program)
     4                                  global start        
     5                                  
     6                                  ; declare external functions needed by our program
     7                                  extern exit               ; tell nasm that exit exists even if we won't be defining it
     8                                  import exit msvcrt.dll    ; exit is a function that ends the calling process. It is defined in msvcrt.dll
     9                                                            ; msvcrt.dll contains exit, printf and all the other important C-runtime specific functions
    10                                  
    11                                  ; our data is declared here (the variables needed by our program)
    12                                  segment data use32 class=data
    13 00000000 3132333435363738            s1 db '12345678'
    14                                      lens1 equ $-s1
    15 00000008 00<rept>                    s2 times lens1 db 0
    16                                  
    17                                  ; our code starts here
    18                                  segment code use32 class=code
    19                                      start:
    20                                  ; Se da un sir de octeti S. Sa se construiasca sirul D astfel:
    21                                  ;sa se puna mai intai elementele de pe pozitiile pare din S iar
    22                                  ;apoi elementele de pe pozitiile impare din S. 
    23                                  ;Exemplu:
    24                                  ;S: 1, 2, 3, 4, 5, 6, 7, 8
    25                                  ;D: 1, 3, 5, 7, 2, 4, 6, 8
    26                                      
    27 00000000 BE[00000000]                    mov ESI, s1;initialize ESI with offset of s1
    28 00000005 BF[08000000]                    mov EDI, s2;initialize EDI with the offset of s2
    29 0000000A B908000000                      mov ECX,lens1
    30 0000000F B301                            mov BL,1 ;1=odd, 0=even
    31 00000011 FC                              cld
    32                                          odd:
    33 00000012 80FB01                              cmp BL,1
    34 00000015 7C0A                                jl skipeven ;jump short if the step is even
    35 00000017 8A06                                mov AL,[ESI];;AL<-the byte from offset s1+ESI
    36 00000019 AA                                  stosb ;<=> mov EDI,AL(i.e. AL->the byte from the offset s1+ESI)
    37                                                    ; inc EDI
    38 0000001A 83C601                              add ESI,1
    39 0000001D B300                                mov BL,0
    40 0000001F E2F1                                loop odd
    41                                          skipeven:
    42 00000021 83C601                              add ESI,1
    43 00000024 B301                                mov BL,1
    44 00000026 E2EA                                loop odd
    45                                          
    46 00000028 BE[00000000]                    mov ESI,s1
    47 0000002D B908000000                      mov ECX,lens1
    48 00000032 B301                            mov BL,1
    49                                          even:
    50 00000034 80FB00                              cmp BL,0
    51 00000037 7F0A                                jg skipodd  ;jump short if step is odd
    52 00000039 8A06                                mov AL,[ESI];;AL<-the byte from offset s1+ESI
    53 0000003B AA                                  stosb ;<=> mov EDI,AL(i.e. AL->the byte from the offset s1+ESI)
    54                                                    ; inc EDI
    55 0000003C 83C601                              add ESI,1
    56 0000003F B301                                mov BL,1
    57 00000041 E2F1                                loop even
    58                                          skipodd:
    59 00000043 83C601                              add ESI,1 
    60 00000046 B300                                mov BL,0
    61 00000048 E2EA                                loop even
    62                                                  
    63 0000004A 6A00                            push    dword 0      ; push the parameter for exit onto the stack
    64 0000004C FF15[00000000]                  call    [exit]       ; call exit to terminate the program
